<?xml version="1.0" encoding="UTF-8"?>
<!-- Generated by org.testng.reporters.JUnitReportReporter -->
<testsuite skipped="0" hostname="Nitin-MacBook-Pro.local" name="com.banking.TestCases.TC_LoginTest_001" tests="1" failures="0" timestamp="13 Aug 2020 07:41:29 GMT" time="14.485" errors="0">
  <testcase name="loginTest" time="14.485" classname="com.banking.TestCases.TC_LoginTest_001"/>
</testsuite> <!-- com.banking.TestCases.TC_LoginTest_001 -->
