<?xml version="1.0" encoding="UTF-8"?>
<!-- Generated by org.testng.reporters.JUnitReportReporter -->
<testsuite skipped="0" hostname="Nitin-MacBook-Pro.local" name="com.banking.TestCases.TC_LoginDDT_002" tests="5" failures="0" timestamp="13 Aug 2020 10:56:14 GMT" time="86.980" errors="0">
  <testcase name="loginDDT" time="14.794" classname="com.banking.TestCases.TC_LoginDDT_002"/>
  <testcase name="loginDDT" time="16.627" classname="com.banking.TestCases.TC_LoginDDT_002"/>
  <testcase name="loginDDT" time="18.832" classname="com.banking.TestCases.TC_LoginDDT_002"/>
  <testcase name="loginDDT" time="19.275" classname="com.banking.TestCases.TC_LoginDDT_002"/>
  <testcase name="loginDDT" time="17.452" classname="com.banking.TestCases.TC_LoginDDT_002"/>
</testsuite> <!-- com.banking.TestCases.TC_LoginDDT_002 -->
